{
  "uid" : "61f050109604d3cf",
  "name" : "test_login.TestLogin.test_login_3",
  "fullName" : "scripts.test_login.TestLogin.test_login_3",
  "historyId" : "aa838082eff4a3b5a636c84bc3717dc2",
  "time" : {
    "start" : 1570535140786,
    "stop" : 1570535140788,
    "duration" : 2
  },
  "description" : "",
  "descriptionHtml" : "",
  "status" : "failed",
  "statusMessage" : "AssertionError: assert 0",
  "statusTrace" : "self = <scripts.test_login.TestLogin object at 0x102501860>\n\n    def test_login_3(self):\n>       assert 0\nE       assert 0\n\nscripts/test_login.py:13: AssertionError",
  "flaky" : false,
  "beforeStages" : [ ],
  "afterStages" : [ ],
  "labels" : [ {
    "name" : "framework",
    "value" : "pytest"
  }, {
    "name" : "host",
    "value" : "Yanyan-Macbook.local"
  }, {
    "name" : "language",
    "value" : "cpython3"
  }, {
    "name" : "severity",
    "value" : "normal"
  }, {
    "name" : "thread",
    "value" : "4949-MainThread"
  }, {
    "name" : "suite",
    "value" : "scripts"
  }, {
    "name" : "testClass",
    "value" : "scripts"
  }, {
    "name" : "testMethod",
    "value" : "test_login.TestLogin.test_login_3"
  }, {
    "name" : "package",
    "value" : "scripts"
  }, {
    "name" : "resultFormat",
    "value" : "allure1"
  } ],
  "parameters" : [ ],
  "links" : [ ],
  "hidden" : false,
  "retry" : false,
  "extra" : {
    "severity" : "normal",
    "retries" : [ ],
    "categories" : [ {
      "name" : "Product defects",
      "matchedStatuses" : [ ],
      "flaky" : false
    } ],
    "tags" : [ ]
  },
  "source" : "61f050109604d3cf.json",
  "parameterValues" : [ ]
}